"E:/UE4_PRO/UE4/MyActionRPG/Content/Blueprints/Weapon/WeaponActor.uasset" 0
"E:/UE4_PRO/UE4/MyActionRPG/Content/Weapons/Blade_Hatchet02/T_Blade_Hatchet021_D.uasset" 1
"E:/UE4_PRO/UE4/MyActionRPG/Content/Weapons/Blade_Hatchet02/T_Blade_Hatchet021_M.uasset" 2
"E:/UE4_PRO/UE4/MyActionRPG/Content/Weapons/Blade_Hatchet02/T_Blade_Hatchet021_N.uasset" 3
"E:/UE4_PRO/UE4/MyActionRPG/Content/Weapons/Blade_Hatchet02/T_Blade_Hatchet022_D.uasset" 4
"E:/UE4_PRO/UE4/MyActionRPG/Content/Weapons/Blade_Hatchet02/T_Blade_Hatchet022_M.uasset" 5
"E:/UE4_PRO/UE4/MyActionRPG/Content/Weapons/Blade_Hatchet02/T_Blade_Hatchet022_N.uasset" 6
"E:/UE4_PRO/UE4/MyActionRPG/Content/Weapons/Blade_Hatchet02/M_Blade_Hatchet02.uasset" 7
"E:/UE4_PRO/UE4/MyActionRPG/Content/Weapons/Blade_Hatchet02/SK_Blade_Hatchet02_Skeleton.uasset" 8
"E:/UE4_PRO/UE4/MyActionRPG/Content/Weapons/Blade_Hatchet02/SK_Blade_Hatchet02.uasset" 9
"E:/UE4_PRO/UE4/MyActionRPG/Content/Blueprints/Weapon/GreateBladeActor.uasset" 10
"E:/UE4_PRO/UE4/MyActionRPG/Content/Items/Weapons/Weapon_Axe.uasset" 11
"E:/UE4_PRO/UE4/MyActionRPG/Content/UI/UI_ScalingCurve.uasset" 12
"E:/UE4_PRO/UE4/MyActionRPG/Content/UI/Texture/T_UI_Add_Button_01.uasset" 13
"E:/UE4_PRO/UE4/MyActionRPG/Content/UI/Texture/T_UI_Border_01.uasset" 14
"E:/UE4_PRO/UE4/MyActionRPG/Content/UI/Texture/T_UI_Button01.uasset" 15
"E:/UE4_PRO/UE4/MyActionRPG/Content/UI/Texture/T_UI_ButtonGlow01.uasset" 16
"E:/UE4_PRO/UE4/MyActionRPG/Content/UI/Texture/T_UI_ButtonImage_01.uasset" 17
"E:/UE4_PRO/UE4/MyActionRPG/Content/UI/Texture/T_UI_Change_Icon.uasset" 18
"E:/UE4_PRO/UE4/MyActionRPG/Content/UI/Texture/T_UI_Circle01.uasset" 19
"E:/UE4_PRO/UE4/MyActionRPG/Content/UI/Texture/T_UI_Clear_Icon.uasset" 20
"E:/UE4_PRO/UE4/MyActionRPG/Content/UI/Texture/T_UI_Effect02_D.uasset" 21
"E:/UE4_PRO/UE4/MyActionRPG/Content/UI/Texture/T_UI_Glow.uasset" 22
"E:/UE4_PRO/UE4/MyActionRPG/Content/UI/Texture/T_UI_Icon_Inventory01.uasset" 23
"E:/UE4_PRO/UE4/MyActionRPG/Content/UI/Texture/T_UI_Icon_Keyboard.uasset" 24
"E:/UE4_PRO/UE4/MyActionRPG/Content/UI/Texture/T_UI_Icon_Mouse_L.uasset" 25
"E:/UE4_PRO/UE4/MyActionRPG/Content/UI/Texture/T_UI_Icon_Mouse_R.uasset" 26
"E:/UE4_PRO/UE4/MyActionRPG/Content/UI/Texture/T_UI_Icon_PotHealth01.uasset" 27
"E:/UE4_PRO/UE4/MyActionRPG/Content/UI/Texture/T_UI_Icon_PotMana01.uasset" 28
"E:/UE4_PRO/UE4/MyActionRPG/Content/UI/Texture/T_UI_Icon_Roll01.uasset" 29
"E:/UE4_PRO/UE4/MyActionRPG/Content/UI/Texture/T_UI_Icon_Settings01.uasset" 30
"E:/UE4_PRO/UE4/MyActionRPG/Content/UI/Texture/T_UI_Icon_Souls01.uasset" 31
"E:/UE4_PRO/UE4/MyActionRPG/Content/UI/Texture/T_UI_Icon_StatusArt01.uasset" 32
"E:/UE4_PRO/UE4/MyActionRPG/Content/UI/Texture/T_UI_Icon_Time01.uasset" 33
"E:/UE4_PRO/UE4/MyActionRPG/Content/UI/Texture/T_UI_Potion_Health.uasset" 34
"E:/UE4_PRO/UE4/MyActionRPG/Content/UI/Texture/T_UI_Potion_Mana.uasset" 35
"E:/UE4_PRO/UE4/MyActionRPG/Content/UI/Texture/T_UI_Screenshot_2.uasset" 36
"E:/UE4_PRO/UE4/MyActionRPG/Content/UI/Texture/T_UI_SideButton_Normal.uasset" 37
"E:/UE4_PRO/UE4/MyActionRPG/Content/UI/Texture/T_UI_Skill_Combust01.uasset" 38
"E:/UE4_PRO/UE4/MyActionRPG/Content/UI/Texture/T_UI_Skill_FireBall.uasset" 39
"E:/UE4_PRO/UE4/MyActionRPG/Content/UI/Texture/T_UI_Skill_Firewave.uasset" 40
"E:/UE4_PRO/UE4/MyActionRPG/Content/UI/Texture/T_UI_Skill_MeteorStorm.uasset" 41
"E:/UE4_PRO/UE4/MyActionRPG/Content/UI/Texture/T_UI_Soul_Icon.uasset" 42
"E:/UE4_PRO/UE4/MyActionRPG/Content/UI/Texture/T_UI_TargetIcon_01.uasset" 43
"E:/UE4_PRO/UE4/MyActionRPG/Content/UI/Texture/T_UI_Weapon_Axe.uasset" 44
"E:/UE4_PRO/UE4/MyActionRPG/Content/UI/Texture/T_UI_Weapon_Hammer.uasset" 45
"E:/UE4_PRO/UE4/MyActionRPG/Content/UI/Texture/T_UI_Weapon_Hammer_0.uasset" 46
"E:/UE4_PRO/UE4/MyActionRPG/Content/UI/Texture/T_UI_Weapon_Hatchet01.uasset" 47
"E:/UE4_PRO/UE4/MyActionRPG/Content/UI/Texture/T_UI_Weapon_Sword.uasset" 48
"E:/UE4_PRO/UE4/MyActionRPG/Content/UI/Texture/T_UI_Weapon_Sword_0.uasset" 49
"E:/UE4_PRO/UE4/MyActionRPG/Content/Weapons/Blade_BlackKnight/T_Blade_BlackKnight_Sword1_D.uasset" 50
"E:/UE4_PRO/UE4/MyActionRPG/Content/Weapons/Blade_BlackKnight/T_Blade_BlackKnight_Sword1_M.uasset" 51
"E:/UE4_PRO/UE4/MyActionRPG/Content/Weapons/Blade_BlackKnight/T_Blade_BlackKnight_Sword1_N.uasset" 52
"E:/UE4_PRO/UE4/MyActionRPG/Content/Weapons/Blade_BlackKnight/T_Blade_BlackKnight_Sword2_D.uasset" 53
"E:/UE4_PRO/UE4/MyActionRPG/Content/Weapons/Blade_BlackKnight/T_Blade_BlackKnight_Sword2_M.uasset" 54
"E:/UE4_PRO/UE4/MyActionRPG/Content/Weapons/Blade_BlackKnight/T_Blade_BlackKnight_Sword2_N.uasset" 55
"E:/UE4_PRO/UE4/MyActionRPG/Content/Weapons/Blade_BlackKnight/M_Blade_BlackKnight.uasset" 56
"E:/UE4_PRO/UE4/MyActionRPG/Content/Weapons/Blade_BlackKnight/SK_Blade_BlackKnight_Skeleton.uasset" 57
"E:/UE4_PRO/UE4/MyActionRPG/Content/Weapons/Blade_BlackKnight/SK_Blade_BlackKnight.uasset" 58
"E:/UE4_PRO/UE4/MyActionRPG/Content/Weapons/Blade_GreatBlade/T_Blade_GreatBlade1_D.uasset" 59
"E:/UE4_PRO/UE4/MyActionRPG/Content/Weapons/Blade_GreatBlade/T_Blade_GreatBlade1_M.uasset" 60
"E:/UE4_PRO/UE4/MyActionRPG/Content/Weapons/Blade_GreatBlade/T_Blade_GreatBlade1_N.uasset" 61
"E:/UE4_PRO/UE4/MyActionRPG/Content/Weapons/Blade_GreatBlade/T_Blade_GreatBlade2_D.uasset" 62
"E:/UE4_PRO/UE4/MyActionRPG/Content/Weapons/Blade_GreatBlade/T_Blade_GreatBlade2_M.uasset" 63
"E:/UE4_PRO/UE4/MyActionRPG/Content/Weapons/Blade_GreatBlade/T_Blade_GreatBlade2_N.uasset" 64
"E:/UE4_PRO/UE4/MyActionRPG/Content/Weapons/Blade_GreatBlade/M_Blade_FireAxe.uasset" 65
"E:/UE4_PRO/UE4/MyActionRPG/Content/Weapons/Blade_GreatBlade/M_Blade_GreatBlade.uasset" 66
"E:/UE4_PRO/UE4/MyActionRPG/Content/Weapons/Blade_GreatBlade/SK_Blade_GreatBlade_Skeleton.uasset" 67
"E:/UE4_PRO/UE4/MyActionRPG/Content/Weapons/Blade_GreatBlade/SK_Blade_GreatBlade.uasset" 68
"../../../Engine/Content/Animation/DefaultAnimCurveCompressionSettings.uasset" 69
"../../../Engine/Content/Functions/Engine_MaterialFunctions01/Opacity/CameraDepthFade.uasset" 70
"../../../Engine/Content/EngineMaterials/T_Default_Material_Grid_M.uasset" 71
"../../../Engine/Content/EngineMaterials/T_Default_Material_Grid_N.uasset" 72
"../../../Engine/Content/EngineMaterials/WorldGridMaterial.uasset" 73
"../../../Engine/Content/ArtTools/RenderToTexture/Meshes/S_1_Unit_Plane.uasset" 74
"../../../Engine/Content/EngineMaterials/DefaultMaterial.uasset" 75
"../../../Engine/Content/BasicShapes/Cone.uasset" 76
"../../../Engine/Content/BasicShapes/Cube.uasset" 77
"../../../Engine/Content/BasicShapes/Cylinder.uasset" 78
"../../../Engine/Content/BasicShapes/Sphere.uasset" 79
"../../../Engine/Content/EditorLandscapeResources/DataLayer.uasset" 80
"../../../Engine/Content/EditorMaterials/GizmoMaterial.uasset" 81
"../../../Engine/Content/EditorMaterials/MAT_Groups_Toggle.uasset" 82
"../../../Engine/Content/EditorMaterials/MAT_Groups_Visibility.uasset" 83
"../../../Engine/Content/EditorMaterials/PreviewShadowIndicator.uasset" 84
"../../../Engine/Content/EditorMaterials/PreviewShadowIndicatorMaterial.uasset" 85
"../../../Engine/Content/EditorMaterials/MatineeGroups/MAT_ColorTrack.uasset" 86
"../../../Engine/Content/EditorMaterials/MatineeGroups/MAT_Groups_Anim.uasset" 87
"../../../Engine/Content/EditorMaterials/MatineeGroups/MAT_Groups_AudioMaster.uasset" 88
"../../../Engine/Content/EditorMaterials/MatineeGroups/MAT_Groups_Director.uasset" 89
"../../../Engine/Content/EditorMaterials/MatineeGroups/MAT_Groups_Event.uasset" 90
"../../../Engine/Content/EditorMaterials/MatineeGroups/MAT_Groups_Fade.uasset" 91
"../../../Engine/Content/EditorMaterials/MatineeGroups/MAT_Groups_Float.uasset" 92
"../../../Engine/Content/EditorMaterials/MatineeGroups/MAT_Groups_Move.uasset" 93
"../../../Engine/Content/EditorMaterials/MatineeGroups/MAT_Groups_Slomo.uasset" 94
"../../../Engine/Content/EditorMaterials/MatineeGroups/MAT_Groups_Sound.uasset" 95
"../../../Engine/Content/EditorMaterials/MatineeGroups/MAT_Groups_Vector.uasset" 96
"../../../Engine/Content/EditorMaterials/ParticleSystems/PSysThumbnail_NoImage.uasset" 97
"../../../Engine/Content/EditorMaterials/ParticleSystems/PSysThumbnail_OOD.uasset" 98
"../../../Engine/Content/EditorMaterials/Camera/CineMat.uasset" 99
"../../../Engine/Content/EditorMaterials/Camera/MI_CineMat_Rig.uasset" 100
"../../../Engine/Content/EditorMeshes/Camera/SM_CraneRig_Arm.uasset" 101
"../../../Engine/Content/EditorMeshes/Camera/SM_CraneRig_Base.uasset" 102
"../../../Engine/Content/EditorMeshes/Camera/SM_CraneRig_Body.uasset" 103
"../../../Engine/Content/EditorMeshes/Camera/SM_CraneRig_Mount.uasset" 104
"../../../Engine/Content/EditorMeshes/Camera/SM_RailRig_Mount.uasset" 105
"../../../Engine/Content/EditorMeshes/Camera/SM_RailRig_Track.uasset" 106
"../../../Engine/Content/EditorResources/BSPVertex.uasset" 107
"../../../Engine/Content/EditorResources/EmptyActor.uasset" 108
"../../../Engine/Content/EditorResources/S_Actor.uasset" 109
"../../../Engine/Content/EditorResources/S_Note.uasset" 110
"../../../Engine/Content/EditorResources/S_Solver.uasset" 111
"../../../Engine/Content/EditorResources/S_Trigger.uasset" 112
"../../../Engine/Content/EditorResources/AudioIcons/S_AudioComponent_AutoActivate.uasset" 113
"../../../Engine/Content/EditorResources/LightIcons/S_LightError.uasset" 114
"../../../Engine/Content/EditorResources/SequenceRecorder/Countdown.uasset" 115
"../../../Engine/Content/EditorResources/SequenceRecorder/RecordingIndicator.uasset" 116
"../../../Engine/Content/EditorSounds/Notifications/CompileFailed.uasset" 117
"../../../Engine/Content/EditorSounds/Notifications/CompileFailed_Cue.uasset" 118
"../../../Engine/Content/EditorSounds/Notifications/CompileSuccess.uasset" 119
"../../../Engine/Content/EditorSounds/Notifications/CompileStart_Cue.uasset" 120
"../../../Engine/Content/EditorSounds/Notifications/CompileSuccess_Cue.uasset" 121
"../../../Engine/Content/EngineDamageTypes/DmgTypeBP_Environmental.uasset" 122
"../../../Engine/Content/EngineDebugMaterials/HeatmapGradient.uasset" 123
"../../../Engine/Content/EngineDebugMaterials/BoneWeightMaterial.uasset" 124
"../../../Engine/Content/EngineDebugMaterials/ClothMaterial.uasset" 125
"../../../Engine/Content/EngineDebugMaterials/ClothMaterial_WF.uasset" 126
"../../../Engine/Content/EngineDebugMaterials/DebugEditorMaterial.uasset" 127
"../../../Engine/Content/EngineDebugMaterials/DebugMeshMaterial.uasset" 128
"../../../Engine/Content/EngineDebugMaterials/GeomMaterial.uasset" 129
"../../../Engine/Content/EngineDebugMaterials/M_SimpleTranslucent.uasset" 130
"../../../Engine/Content/Functions/Engine_MaterialFunctions02/Utility/CameraDirectionVector.uasset" 131
"../../../Engine/Content/EngineDebugMaterials/VolumeToRender.uasset" 132
"../../../Engine/Content/EngineDebugMaterials/M_VolumeRenderSphereTracePP.uasset" 133
"../../../Engine/Content/EngineDebugMaterials/WireframeMaterial.uasset" 134
"../../../Engine/Content/EngineFonts/Faces/RobotoBold.uasset" 135
"../../../Engine/Content/EngineFonts/Faces/RobotoBoldItalic.uasset" 136
"../../../Engine/Content/EngineFonts/Faces/RobotoItalic.uasset" 137
"../../../Engine/Content/EngineFonts/Faces/RobotoLight.uasset" 138
"../../../Engine/Content/EngineFonts/Faces/RobotoRegular.uasset" 139
"../../../Engine/Content/EngineFonts/Roboto.uasset" 140
"../../../Engine/Content/EngineFonts/Faces/RobotoTiny.uasset" 141
"../../../Engine/Content/EngineFonts/RobotoTiny.uasset" 142
"../../../Engine/Content/EngineMaterials/BlueNoise.uasset" 143
"../../../Engine/Content/EngineMaterials/DefaultBloomKernel.uasset" 144
"../../../Engine/Content/EngineMaterials/DefaultBokeh.uasset" 145
"../../../Engine/Content/EngineMaterials/DefaultDiffuse.uasset" 146
"../../../Engine/Content/EngineMaterials/DefaultDeferredDecalMaterial.uasset" 147
"../../../Engine/Content/EngineMaterials/DefaultLightFunctionMaterial.uasset" 148
"../../../Engine/Content/Functions/Engine_MaterialFunctions02/Utility/BreakOutFloat2Components.uasset" 149
"../../../Engine/Content/EngineMaterials/DefaultPostProcessMaterial.uasset" 150
"../../../Engine/Content/EngineFonts/RobotoDistanceField.uasset" 151
"../../../Engine/Content/EngineMaterials/DefaultTextMaterialOpaque.uasset" 152
"../../../Engine/Content/EngineMaterials/DefaultVirtualTextureMaterial.uasset" 153
"../../../Engine/Content/EngineMaterials/DefaultWhiteGrid.uasset" 154
"../../../Engine/Content/EngineMaterials/EditorBrushMaterial.uasset" 155
"../../../Engine/Content/EngineMaterials/DefaultWhiteGrid_Low.uasset" 156
"../../../Engine/Content/EngineMaterials/EmissiveMeshMaterial.uasset" 157
"../../../Engine/Content/EngineMaterials/Good64x64TilingNoiseHighFreq.uasset" 158
"../../../Engine/Content/EngineMaterials/MiniFont.uasset" 159
"../../../Engine/Content/EngineMaterials/InvalidLightmapSettings.uasset" 160
"../../../Engine/Content/EngineMaterials/M_InvalidLightmapSettings.uasset" 161
"../../../Engine/Content/Functions/Engine_MaterialFunctions02/WorldPositionOffset/CameraOffset.uasset" 162
"../../../Engine/Content/EngineMaterials/PhAT_JointLimitMaterial.uasset" 163
"../../../Engine/Content/EngineMaterials/PreintegratedSkinBRDF.uasset" 164
"../../../Engine/Content/EngineMaterials/RemoveSurfaceMaterial.uasset" 165
"../../../Engine/Content/EngineMaterials/WeightMapPlaceholderTexture.uasset" 166
"../../../Engine/Content/EngineResources/WhiteSquareTexture.uasset" 167
"../../../Engine/Content/EngineMaterials/Widget3DPassThrough.uasset" 168
"../../../Engine/Content/EngineMaterials/Widget3DPassThrough_Masked.uasset" 169
"../../../Engine/Content/EngineMaterials/Widget3DPassThrough_Opaque.uasset" 170
"../../../Engine/Content/EngineMaterials/Widget3DPassThrough_Masked_OneSided.uasset" 171
"../../../Engine/Content/EngineMaterials/Widget3DPassThrough_Opaque_OneSided.uasset" 172
"../../../Engine/Content/EngineMaterials/Widget3DPassThrough_Translucent.uasset" 173
"../../../Engine/Content/EngineMaterials/Widget3DPassThrough_Translucent_OneSided.uasset" 174
"../../../Engine/Content/EngineMeshes/Cube.uasset" 175
"../../../Engine/Content/EngineMeshes/Cylinder.uasset" 176
"../../../Engine/Content/EngineMeshes/Sphere.uasset" 177
"../../../Engine/Content/EngineResources/DefaultTexture.uasset" 178
"../../../Engine/Content/EngineResources/DefaultTextureCube.uasset" 179
"../../../Engine/Content/EngineResources/DefaultVolumeTexture2D.uasset" 180
"../../../Engine/Content/EngineResources/DefaultVolumeTexture.uasset" 181
"../../../Engine/Content/EngineResources/GradientTexture0.uasset" 182
"../../../Engine/Content/EngineSounds/Master.uasset" 183
"../../../Engine/Content/Functions/Engine_MaterialFunctions01/Shading/ConvertFromDiffSpec.uasset" 184
"../../../Engine/Content/Functions/Engine_MaterialFunctions01/Shading/PowerToRoughness.uasset" 185
"../../../Engine/Content/Maps/Templates/Thumbnails/Default.uasset" 186
"../../../Engine/Content/Maps/Templates/Thumbnails/VR-Basic.uasset" 187
"../../../Engine/Content/MobileResources/T_MobileControls_texture.uasset" 188
"../../../Engine/Content/MobileResources/T_MobileMenu2.uasset" 189
"../../../Engine/Content/MobileResources/HUD/AnalogHat.uasset" 190
"../../../Engine/Content/MobileResources/HUD/VirtualJoystick_Background.uasset" 191
"../../../Engine/Content/MobileResources/HUD/VirtualJoystick_Thumb.uasset" 192
"../../../Engine/Content/MobileResources/HUD/DefaultVirtualJoysticks.uasset" 193
"../../../Engine/Content/MobileResources/HUD/LeftVirtualJoystickOnly.uasset" 194
"../../../Engine/Content/MobileResources/HUD/MobileHUDButton1_off.uasset" 195
"../../../Engine/Content/MobileResources/HUD/MobileHUDButton1_on.uasset" 196
"../../../Engine/Content/MobileResources/HUD/MobileHUDButton2_off.uasset" 197
"../../../Engine/Content/MobileResources/HUD/MobileHUDButton2_on.uasset" 198
"../../../Engine/Content/MobileResources/HUD/MobileHUDButton3.uasset" 199
"../../../Engine/Content/MobileResources/HUD/MobileHUDButtonFire.uasset" 200
"../../../Engine/Content/MobileResources/HUD/MobileHUDDirectionPad.uasset" 201
"../../../Engine/Content/MobileResources/HUD/MobileHUDDirectionPad2.uasset" 202
"../../../Engine/Content/MobileResources/HUD/MobileHUDDirectionPad3.uasset" 203
"../../../Engine/Content/MobileResources/HUD/MobileHUDDirectionStick.uasset" 204
"../../../Engine/Content/MobileResources/HUD/T_Castle_ThumbstickInner.uasset" 205
"../../../Engine/Content/MobileResources/HUD/T_Castle_ThumbstickOutter.uasset" 206
"../../../Engine/Content/Tutorial/ContentIntroCurve.uasset" 207
"../../../Engine/Content/Tutorial/Basics/LevelEditorAttract.uasset" 208
"../../../Engine/Content/Tutorial/Basics/TutorialAssets/icon_tab_Levels_40x.uasset" 209
"../../../Engine/Content/Tutorial/Basics/LevelEditorOverview.uasset" 210
"../../../Engine/Content/Tutorial/BlueprintTutorials/TutorialAssets/Blueprint_64x.uasset" 211
"../../../Engine/Content/Tutorial/BlueprintTutorials/BlueprintEditorTutorial.uasset" 212
"../../../Engine/Content/Tutorial/SubEditors/MaterialEditorTutorial.uasset" 213
"../../../Engine/Content/Tutorial/SubEditors/StaticMeshEditorTutorial.uasset" 214
"../../../Engine/Content/Tutorial/SubEditors/TutorialAssets/TutorialMaterial.uasset" 215
"../../../Engine/Content/VREditor/LaserPointer/VR_LaserPower_01.uasset" 216
"../../../Engine/Content/VREditor/TransformGizmo/TransformGizmoMaterial.uasset" 217
"../../../Engine/Content/VREditor/TransformGizmo/TranslucentTransformGizmoMaterial.uasset" 218
"../../../Engine/Content/VREditor/TransformGizmo/BoundingBoxCorner.uasset" 219
"../../../Engine/Content/VREditor/TransformGizmo/BoundingBoxEdge.uasset" 220
"../../../Engine/Content/VREditor/TransformGizmo/PlaneTranslationHandle.uasset" 221
"../../../Engine/Content/VREditor/TransformGizmo/Main.uasset" 222
"../../../Engine/Content/VREditor/TransformGizmo/Xray.uasset" 223
"../../../Engine/Content/VREditor/TransformGizmo/SM_Sequencer_Key.uasset" 224
"../../../Engine/Content/VREditor/TransformGizmo/SM_Sequencer_Node.uasset" 225
"../../Plugins/2D/Paper2D/Content/PlaceholderTextures/DummySpriteTexture.uasset" 226
"../../Plugins/2D/Paper2D/Content/DummySprite.uasset" 227
"../../Plugins/2D/Paper2D/Content/DefaultPaperTerrainMaterial.uasset" 228
"../../Plugins/2D/Paper2D/Content/DummySpriteTexture.uasset" 229
"../../Plugins/2D/Paper2D/Content/DefaultSpriteMaterial.uasset" 230
"../../Plugins/2D/Paper2D/Content/MaskedUnlitSpriteMaterial.uasset" 231
"../../Plugins/2D/Paper2D/Content/OpaqueUnlitSpriteMaterial.uasset" 232
"../../Plugins/Runtime/Oculus/OculusVR/Content/OculusMR_RenderTarget.uasset" 233
"../../../Engine/Content/Functions/Engine_MaterialFunctions02/Utility/BreakOutFloat4Components.uasset" 234
"../../../Engine/Content/Functions/Engine_MaterialFunctions02/Utility/MakeFloat2.uasset" 235
"../../../Engine/Content/Functions/Engine_MaterialFunctions02/Utility/MakeFloat3.uasset" 236
"../../Plugins/Runtime/Oculus/OculusVR/Content/Materials/OculusMR_ChromaKey.uasset" 237
"../../Plugins/Runtime/Oculus/OculusVR/Content/Materials/OculusMR_ChromaKey_Lit.uasset" 238
"../../Plugins/Runtime/Oculus/OculusVR/Content/Materials/OculusMR_OpaqueColoredMaterial.uasset" 239
"../../Plugins/Runtime/Oculus/OculusVR/Content/Materials/OculusMR_WhiteMaterial.uasset" 240
"E:/UE4_PRO/UE4/MyActionRPG/Content/Environment/Textures/Natures/T_Soul_Leaves_D.uasset" 241
"E:/UE4_PRO/UE4/MyActionRPG/Content/Environment/Textures/Natures/T_Soul_Leaves_N.uasset" 242
"E:/UE4_PRO/UE4/MyActionRPG/Content/Environment/Materials/Natures/M_Soul_Leaves.uasset" 243
"E:/UE4_PRO/UE4/MyActionRPG/Content/Environment/Materials/Natures/MI_Soul_Leaves_Water.uasset" 244
"E:/UE4_PRO/UE4/MyActionRPG/Content/Environment/Meshes/Natures/SM_Cave_Leaf_Pile_01.uasset" 245
"E:/UE4_PRO/UE4/MyActionRPG/Content/Environment/Foliage/SM_Cave_Leaf_Pile_01_FoliageType.uasset" 246
"E:/UE4_PRO/UE4/MyActionRPG/Content/Environment/Meshes/Natures/SM_Cave_Leaf_Pile_02.uasset" 247
"E:/UE4_PRO/UE4/MyActionRPG/Content/Environment/Foliage/SM_Cave_Leaf_Pile_02_FoliageType.uasset" 248
"E:/UE4_PRO/UE4/MyActionRPG/Content/Environment/Textures/Natures/T_LV_Soul_grass_D.uasset" 249
"E:/UE4_PRO/UE4/MyActionRPG/Content/Environment/Materials/Foliage/M_LV_SoulGrass_01M.uasset" 250
"E:/UE4_PRO/UE4/MyActionRPG/Content/Environment/Meshes/Natures/SM_LV_SoulGrass_01.uasset" 251
"E:/UE4_PRO/UE4/MyActionRPG/Content/Environment/Foliage/Soul_FoliageType1.uasset" 252
"E:/UE4_PRO/UE4/MyActionRPG/Content/Environment/Textures/Foliage/T_LV_Forest_Foliage02_D.uasset" 253
"E:/UE4_PRO/UE4/MyActionRPG/Content/Environment/Textures/Foliage/T_LV_Forest_Foliage02_N.uasset" 254
"E:/UE4_PRO/UE4/MyActionRPG/Content/Environment/Materials/Natures/M_LV_Soul_Grass04M.uasset" 255
"E:/UE4_PRO/UE4/MyActionRPG/Content/Environment/Meshes/Natures/SM_LV_Soul_Foliage021SM.uasset" 256
"E:/UE4_PRO/UE4/MyActionRPG/Content/Environment/Foliage/Soul_FoliageType2.uasset" 257
"../../../Engine/Content/EngineMaterials/BaseFlattenDiffuseMap.uasset" 258
"../../../Engine/Content/EngineMaterials/BaseFlattenEmissiveMap.uasset" 259
"../../../Engine/Content/EngineMaterials/BaseFlattenGrayscaleMap.uasset" 260
"../../../Engine/Content/EngineMaterials/BaseFlattenNormalMap.uasset" 261
"../../../Engine/Content/EngineMaterials/BaseFlattenMaterial.uasset" 262
"E:/UE4_PRO/UE4/MyActionRPG/Content/Maps/HLOD/ActionRPG_Dungeon02_Asset_0_HLOD.uasset" 263
"E:/UE4_PRO/UE4/MyActionRPG/Content/Maps/ActionRPG_P_sharedassets/CaveDirt_LayerInfo.uasset" 264
"E:/UE4_PRO/UE4/MyActionRPG/Content/Maps/ActionRPG_P_sharedassets/CaveMud_LayerInfo.uasset" 265
"E:/UE4_PRO/UE4/MyActionRPG/Content/Maps/ActionRPG_P_sharedassets/Wetness_LayerInfo.uasset" 266
"E:/UE4_PRO/UE4/MyActionRPG/Content/Maps/ActionRPG_Dungeon02_Asset_BuiltData.uasset" 267
"../../../Engine/Content/Functions/Engine_MaterialFunctions01/Texturing/FlattenNormal.uasset" 268
"E:/UE4_PRO/UE4/MyActionRPG/Content/Environment/Textures/Rock/T_Rock_Runes01.uasset" 269
"E:/UE4_PRO/UE4/MyActionRPG/Content/Environment/Textures/Rock/T_Rock_Runes01_A.uasset" 270
"E:/UE4_PRO/UE4/MyActionRPG/Content/Environment/Textures/Rock/T_Rock_Runes01_N.uasset" 271
"E:/UE4_PRO/UE4/MyActionRPG/Content/Environment/Materials/Rocks/M_Cave_RuneRocks01.uasset" 272
"E:/UE4_PRO/UE4/MyActionRPG/Content/Effects/Textures/T_WaterFoam_02_M.uasset" 273
"E:/UE4_PRO/UE4/MyActionRPG/Content/Environment/Textures/Rock/T_Cave_Rock_01_N.uasset" 274
"E:/UE4_PRO/UE4/MyActionRPG/Content/Effects/FX_Materials/M_RippleFoam.uasset" 275
"E:/UE4_PRO/UE4/MyActionRPG/Content/Effects/FX_Materials/MI_RippleFoam.uasset" 276
"E:/UE4_PRO/UE4/MyActionRPG/Content/Environment/Textures/Foliage/T_Cave_LeavePile_N.uasset" 277
"E:/UE4_PRO/UE4/MyActionRPG/Content/Environment/Textures/Foliage/T_Cave_LeavePile_D.uasset" 278
"E:/UE4_PRO/UE4/MyActionRPG/Content/Environment/Materials/Foliage/M_Cave_Leaf_Piles.uasset" 279
"E:/UE4_PRO/UE4/MyActionRPG/Content/Environment/Materials/Foliage/MI_Cave_Leaf_Piles_Wave.uasset" 280
"../../../Engine/Content/Functions/Engine_MaterialFunctions02/Utility/BlendAngleCorrectedNormals.uasset" 281
"../../../Engine/Content/Functions/MaterialLayerFunctions/MatLayerBlend_Tint.uasset" 282
"E:/UE4_PRO/UE4/MyActionRPG/Content/Environment/Textures/Rock/T_Cave_Mud_N.uasset" 283
"E:/UE4_PRO/UE4/MyActionRPG/Content/Environment/Textures/Rock/T_Cave_Rock_Stalactite_M.uasset" 284
"E:/UE4_PRO/UE4/MyActionRPG/Content/Environment/Materials/Functions/MF_GroundWetnessAlpha_JM.uasset" 285
"E:/UE4_PRO/UE4/MyActionRPG/Content/Environment/Textures/Natures/T_Cave_Dirt_D.uasset" 286
"E:/UE4_PRO/UE4/MyActionRPG/Content/Environment/Textures/Natures/T_Cave_Dirt_N.uasset" 287
"E:/UE4_PRO/UE4/MyActionRPG/Content/Environment/Materials/Functions/MF_ML_Dirt_Wet_JM.uasset" 288
"E:/UE4_PRO/UE4/MyActionRPG/Content/Environment/Textures/Rock/T_Cave_Mud_D.uasset" 289
"E:/UE4_PRO/UE4/MyActionRPG/Content/Environment/Materials/Functions/MF_ML_Mud_Wet_JM.uasset" 290
"E:/UE4_PRO/UE4/MyActionRPG/Content/Effects/Textures/T_Water_N.uasset" 291
"E:/UE4_PRO/UE4/MyActionRPG/Content/Environment/Materials/T_LandscapeES2_BC_00.uasset" 292
"E:/UE4_PRO/UE4/MyActionRPG/Content/Environment/Materials/T_LandscapeES2_N_00.uasset" 293
"E:/UE4_PRO/UE4/MyActionRPG/Content/Environment/Materials/T_LandscapeES2_R_00.uasset" 294
"E:/UE4_PRO/UE4/MyActionRPG/Content/Environment/Materials/M_CaveLandscape_Mobile.uasset" 295
"E:/UE4_PRO/UE4/MyActionRPG/Content/Environment/Materials/M_CaveLandscape_Inst.uasset" 296
"../../../Engine/Content/Functions/MaterialLayerFunctions/MatLayerBlend_AO.uasset" 297
"../../../Engine/Content/Functions/MaterialLayerFunctions/MatLayerBlend_BakedNormal.uasset" 298
"E:/UE4_PRO/UE4/MyActionRPG/Content/Environment/Materials/Functions/MF_FuzzyShading_JM.uasset" 299
"E:/UE4_PRO/UE4/MyActionRPG/Content/Environment/Materials/Functions/MF_Wetness.uasset" 300
"E:/UE4_PRO/UE4/MyActionRPG/Content/Environment/Textures/Rock/T_Cave_Rock_01_D.uasset" 301
"E:/UE4_PRO/UE4/MyActionRPG/Content/Environment/Materials/Rocks/MF_ML_Cave_Rock_01.uasset" 302
"E:/UE4_PRO/UE4/MyActionRPG/Content/Environment/Textures/Rock/T_Cave_Rock_Stalactite_N.uasset" 303
"E:/UE4_PRO/UE4/MyActionRPG/Content/Environment/Materials/Rocks/M_Cave_Rock_MASTER.uasset" 304
"E:/UE4_PRO/UE4/MyActionRPG/Content/Environment/Textures/Rock/T_Cave_Rock_Large02_M.uasset" 305
"E:/UE4_PRO/UE4/MyActionRPG/Content/Environment/Textures/Rock/T_Cave_Rock_Large02_N.uasset" 306
"E:/UE4_PRO/UE4/MyActionRPG/Content/Environment/Materials/Rocks/MI_Cave_Rock_Large02.uasset" 307
"../../../Engine/Content/EngineMaterials/DefaultPhysicalMaterial.uasset" 308
"../../../Engine/Content/EngineResources/Black.uasset" 309
"E:/UE4_PRO/UE4/MyActionRPG/Content/Effects/Masters/M_Add_Sprite_SubUV_Master.uasset" 310
"E:/UE4_PRO/UE4/MyActionRPG/Content/Effects/FX_Textures/Fire/T_Fire_subUV_6X6_M.uasset" 311
"E:/UE4_PRO/UE4/MyActionRPG/Content/Effects/FX_Materials/Fire/MI_Fire_01_Add_6X6.uasset" 312
"E:/UE4_PRO/UE4/MyActionRPG/Content/Effects/Masters/M_Add_Sprite_Master_DepthFade.uasset" 313
"E:/UE4_PRO/UE4/MyActionRPG/Content/Effects/FX_Textures/Gradient/T_FX_Glow_12alpha_M.uasset" 314
"E:/UE4_PRO/UE4/MyActionRPG/Content/Effects/FX_Materials/Gradient/MI_Flare_09.uasset" 315
"E:/UE4_PRO/UE4/MyActionRPG/Content/Effects/FX_Particle/P_Env_Fire_Grate_01.uasset" 316
"E:/UE4_PRO/UE4/MyActionRPG/Content/Effects/Meshes/SM_Ripple_Wide.uasset" 317
"../../../Engine/Content/Functions/MaterialLayerFunctions/MatLayerBlend_Standard.uasset" 318
"E:/UE4_PRO/UE4/MyActionRPG/Content/Environment/Materials/Functions/MF_VertexBlend_JM.uasset" 319
"E:/UE4_PRO/UE4/MyActionRPG/Content/Environment/Materials/MaterialLayers/MF_ML_Solid_Color.uasset" 320
"E:/UE4_PRO/UE4/MyActionRPG/Content/Environment/Textures/etc/T_Moss_D.uasset" 321
"E:/UE4_PRO/UE4/MyActionRPG/Content/Environment/Materials/Rocks/MF_ML_Cave_Moss.uasset" 322
"E:/UE4_PRO/UE4/MyActionRPG/Content/Environment/Textures/Bricks/T_Cave_Bricks_M.uasset" 323
"E:/UE4_PRO/UE4/MyActionRPG/Content/Environment/Materials/Rocks/M_Cave_Rock_MASTER_VertexPaint_MOSS.uasset" 324
"E:/UE4_PRO/UE4/MyActionRPG/Content/Environment/Textures/Bricks/T_Cave_Bricks_N.uasset" 325
"E:/UE4_PRO/UE4/MyActionRPG/Content/Environment/Materials/Rocks/MI_M_Cave_Rock_Bricks_Moss22.uasset" 326
"E:/UE4_PRO/UE4/MyActionRPG/Content/Environment/Meshes/Bricks/SM_Cave_Brick_01a2.uasset" 327
"E:/UE4_PRO/UE4/MyActionRPG/Content/Environment/Meshes/Bricks/SM_Cave_Brick_01e.uasset" 328
"E:/UE4_PRO/UE4/MyActionRPG/Content/Environment/PhysicalMaterials/WoodLadder.uasset" 329
"E:/UE4_PRO/UE4/MyActionRPG/Content/Environment/Textures/Building/T_Slums_Wood_D.uasset" 330
"E:/UE4_PRO/UE4/MyActionRPG/Content/Environment/Textures/Building/T_Slums_Wood_N.uasset" 331
"E:/UE4_PRO/UE4/MyActionRPG/Content/Environment/Materials/Building/M_Slums_Wood_.uasset" 332
"E:/UE4_PRO/UE4/MyActionRPG/Content/Environment/Meshes/Building/SM_Slums_WoodWall_01e_OP.uasset" 333
"E:/UE4_PRO/UE4/MyActionRPG/Content/Environment/Textures/etc/T_Iron_D.uasset" 334
"E:/UE4_PRO/UE4/MyActionRPG/Content/Environment/Textures/etc/T_Iron_E.uasset" 335
"E:/UE4_PRO/UE4/MyActionRPG/Content/Environment/Textures/etc/T_Iron_N.uasset" 336
"E:/UE4_PRO/UE4/MyActionRPG/Content/Environment/Materials/etc/M_Ice_Fort_Iron_1_Glow.uasset" 337
"E:/UE4_PRO/UE4/MyActionRPG/Content/Environment/Meshes/etc/SM_Ice_Fort_Brazier_1_Glow.uasset" 338
"E:/UE4_PRO/UE4/MyActionRPG/Content/Environment/Textures/Natures/T_Tree_Aspen_Bark_D.uasset" 339
"E:/UE4_PRO/UE4/MyActionRPG/Content/Environment/Textures/Natures/T_Tree_Aspen_Bark_N.uasset" 340
"E:/UE4_PRO/UE4/MyActionRPG/Content/Environment/Materials/Foliage/M_Aspen_Tree_Bark.uasset" 341
"E:/UE4_PRO/UE4/MyActionRPG/Content/Environment/Textures/Natures/T_Foliage_Leaves_D.uasset" 342
"E:/UE4_PRO/UE4/MyActionRPG/Content/Environment/Materials/Foliage/M_Aspen_Tree_Unlit_Blowing.uasset" 343
"E:/UE4_PRO/UE4/MyActionRPG/Content/Environment/Materials/Foliage/MI_Aspen_Tree_Lit_Blowing.uasset" 344
"E:/UE4_PRO/UE4/MyActionRPG/Content/Environment/Meshes/Natures/SM_Aspen_Tree_01.uasset" 345
"E:/UE4_PRO/UE4/MyActionRPG/Content/Environment/Meshes/Natures/SM_Cave_Leaf_Pile01.uasset" 346
"E:/UE4_PRO/UE4/MyActionRPG/Content/Environment/Meshes/Natures/SM_Cave_Leaf_Pile02.uasset" 347
"E:/UE4_PRO/UE4/MyActionRPG/Content/Environment/Meshes/Natures/SM_Cave_Rock_01.uasset" 348
"E:/UE4_PRO/UE4/MyActionRPG/Content/Environment/Meshes/Natures/SM_Cave_Rock_02.uasset" 349
"E:/UE4_PRO/UE4/MyActionRPG/Content/Environment/Meshes/Natures/SM_Cave_Rock_03.uasset" 350
"E:/UE4_PRO/UE4/MyActionRPG/Content/Environment/PhysicalMaterials/Stone.uasset" 351
"E:/UE4_PRO/UE4/MyActionRPG/Content/Environment/Textures/Rock/T_Cave_Rock_Small_M.uasset" 352
"E:/UE4_PRO/UE4/MyActionRPG/Content/Environment/Textures/Rock/T_Cave_Rock_Small_N.uasset" 353
"E:/UE4_PRO/UE4/MyActionRPG/Content/Environment/Materials/Rocks/MI_Cave_Rock_Flat.uasset" 354
"E:/UE4_PRO/UE4/MyActionRPG/Content/Environment/Meshes/Natures/SM_Cave_Rock_Flat01.uasset" 355
"E:/UE4_PRO/UE4/MyActionRPG/Content/Environment/Textures/Rock/T_Cave_Rock_Path_M.uasset" 356
"E:/UE4_PRO/UE4/MyActionRPG/Content/Environment/Textures/Rock/T_Cave_Rock_Path_N.uasset" 357
"E:/UE4_PRO/UE4/MyActionRPG/Content/Environment/Materials/Rocks/MI_M_Cave_Rock_Ceiling.uasset" 358
"E:/UE4_PRO/UE4/MyActionRPG/Content/Environment/Meshes/Natures/SM_Cave_Rock_Medium01.uasset" 359
"E:/UE4_PRO/UE4/MyActionRPG/Content/Environment/Textures/Rock/T_Cave_Rock_Pillar_M.uasset" 360
"E:/UE4_PRO/UE4/MyActionRPG/Content/Environment/Textures/Rock/T_Cave_Rock_Pillar_N.uasset" 361
"E:/UE4_PRO/UE4/MyActionRPG/Content/Environment/Materials/Rocks/MI_Cave_Rock_Pillar_Moss2.uasset" 362
"E:/UE4_PRO/UE4/MyActionRPG/Content/Environment/Meshes/Natures/SM_Cave_Rock_Pillar01REDO.uasset" 363
"E:/UE4_PRO/UE4/MyActionRPG/Content/Environment/Materials/Rocks/MI_Cave_Rock_Small_Moss02.uasset" 364
"E:/UE4_PRO/UE4/MyActionRPG/Content/Environment/Meshes/Natures/SM_Cave_StoneCluster03.uasset" 365
"E:/UE4_PRO/UE4/MyActionRPG/Content/Environment/Materials/Rocks/MI_Cave_Rock_Small_Moss.uasset" 366
"E:/UE4_PRO/UE4/MyActionRPG/Content/Environment/Meshes/Natures/SM_Cave_Tree01.uasset" 367
"E:/UE4_PRO/UE4/MyActionRPG/Content/Environment/Textures/etc/T_Cave_Wood_Beam_N.uasset" 368
"E:/UE4_PRO/UE4/MyActionRPG/Content/Environment/Textures/etc/T_Cave_Wood_Beam_D.uasset" 369
"E:/UE4_PRO/UE4/MyActionRPG/Content/Environment/Materials/Rocks/M_Cave_Wood_Beam.uasset" 370
"E:/UE4_PRO/UE4/MyActionRPG/Content/Environment/Meshes/Natures/SM_Cave_Wood_Beam.uasset" 371
"E:/UE4_PRO/UE4/MyActionRPG/Content/Environment/Textures/Natures/T_VINETEXTURE_D.uasset" 372
"E:/UE4_PRO/UE4/MyActionRPG/Content/Environment/Textures/Natures/T_VINETEXTURE_N.uasset" 373
"E:/UE4_PRO/UE4/MyActionRPG/Content/Environment/Materials/Natures/M_Soul_Bush.uasset" 374
"E:/UE4_PRO/UE4/MyActionRPG/Content/Environment/Meshes/Natures/SM_S_Soul_bush.uasset" 375
"E:/UE4_PRO/UE4/MyActionRPG/Content/Environment/Textures/Natures/T_Soul_plants_D.uasset" 376
"E:/UE4_PRO/UE4/MyActionRPG/Content/Environment/Textures/Natures/T_Soul_plants_N.uasset" 377
"E:/UE4_PRO/UE4/MyActionRPG/Content/Environment/Materials/Natures/M_Soul_Plants.uasset" 378
"E:/UE4_PRO/UE4/MyActionRPG/Content/Environment/Meshes/Natures/SM_S_Soul_Plants_Fern2.uasset" 379
"E:/UE4_PRO/UE4/MyActionRPG/Content/Maps/ActionRPG_Dungeon02_Asset.umap" 380
"E:/UE4_PRO/UE4/MyActionRPG/Content/Maps/ActionRPG_Dungeon02_Lights_BuiltData.uasset" 381
"E:/UE4_PRO/UE4/MyActionRPG/Content/Environment/Materials/etc/MAT_Skydome_01.uasset" 382
"E:/UE4_PRO/UE4/MyActionRPG/Content/Environment/Meshes/etc/SM_Skydome_01.uasset" 383
"E:/UE4_PRO/UE4/MyActionRPG/Content/Maps/ActionRPG_Dungeon02_Lights.umap" 384
"../../../Engine/Content/EditorBlueprintResources/StandardMacros.uasset" 385
"E:/UE4_PRO/UE4/MyActionRPG/Content/Blueprints/BP_GameInstance.uasset" 386
"E:/UE4_PRO/UE4/MyActionRPG/Content/Blueprints/BP_RPGFuctionLibrary.uasset" 387
"E:/UE4_PRO/UE4/MyActionRPG/Content/UI/Fonts/Cinzel/Cinzel-Black.uasset" 388
"E:/UE4_PRO/UE4/MyActionRPG/Content/UI/Fonts/Cinzel/Cinzel-Bold.uasset" 389
"E:/UE4_PRO/UE4/MyActionRPG/Content/UI/Fonts/Cinzel/Cinzel-Regular.uasset" 390
"E:/UE4_PRO/UE4/MyActionRPG/Content/UI/Fonts/Cinzel/Cinzel.uasset" 391
"E:/UE4_PRO/UE4/MyActionRPG/Content/UI/Texture/T_UI_Checkbox_Checked.uasset" 392
"E:/UE4_PRO/UE4/MyActionRPG/Content/UI/Texture/T_UI_Checkbox_Unchecked.uasset" 393
"E:/UE4_PRO/UE4/MyActionRPG/Content/Blueprints/WidgetBP/WB_CheckBox.uasset" 394
"E:/UE4_PRO/UE4/MyActionRPG/Content/UI/Texture/T_UI_ButtonImage_02.uasset" 395
"E:/UE4_PRO/UE4/MyActionRPG/Content/Blueprints/WidgetBP/WB_ButtonText.uasset" 396
"E:/UE4_PRO/UE4/MyActionRPG/Content/UI/Texture/T_UI_Border_02.uasset" 397
"E:/UE4_PRO/UE4/MyActionRPG/Content/UI/Texture/T_UI_Screenshot_1.uasset" 398
"E:/UE4_PRO/UE4/MyActionRPG/Content/Blueprints/WidgetBP/WB_OptionsScreen.uasset" 399
"E:/UE4_PRO/UE4/MyActionRPG/Content/UI/T_UI_TitleLogo02.uasset" 400
"E:/UE4_PRO/UE4/MyActionRPG/Content/UI/Texture/T_UI_Button_Top01.uasset" 401
"E:/UE4_PRO/UE4/MyActionRPG/Content/Blueprints/WidgetBP/WB_Title.uasset" 402
"E:/UE4_PRO/UE4/MyActionRPG/Content/Blueprints/BP_MainMenuGameMode.uasset" 403
"E:/UE4_PRO/UE4/MyActionRPG/Content/Maps/ActionRPG_Main_BuiltData.uasset" 404
"E:/UE4_PRO/UE4/MyActionRPG/Content/UI/Texture/T_UI_Runes02.uasset" 405
"E:/UE4_PRO/UE4/MyActionRPG/Content/UI/Texture/T_UI_Runes02_A.uasset" 406
"E:/UE4_PRO/UE4/MyActionRPG/Content/UI/Texture/T_UI_Runes02_N.uasset" 407
"E:/UE4_PRO/UE4/MyActionRPG/Content/UI/Texture/T_UI_Runes02_R.uasset" 408
"E:/UE4_PRO/UE4/MyActionRPG/Content/UI/Material/M_UI_IntroBG02.uasset" 409
"../../../Engine/Content/BasicShapes/Plane.uasset" 410
"E:/UE4_PRO/UE4/MyActionRPG/Content/Effects/FX_Ambient/Fire/P_Fire_NeverEnding.uasset" 411
"../../../Engine/Content/Functions/Engine_MaterialFunctions01/Gradient/RadialGradient.uasset" 412
"E:/UE4_PRO/UE4/MyActionRPG/Content/Effects/FX_Materials/M_Radial_Gradient.uasset" 413
"E:/UE4_PRO/UE4/MyActionRPG/Content/Effects/FX_Particle/P_Title_Main_Effect.uasset" 414
"E:/UE4_PRO/UE4/MyActionRPG/Content/Maps/ActionRPG_Main.umap" 415
"../../../Engine/Content/EngineMeshes/Humanoid.uasset" 416
"E:/UE4_PRO/UE4/MyActionRPG/Content/Characters/SK_Mannequin_Skeleton.uasset" 417
"E:/UE4_PRO/UE4/MyActionRPG/Content/Characters/Animations/Anim_Sword_Idle.uasset" 418
"E:/UE4_PRO/UE4/MyActionRPG/Content/Assets/Sounds/AudioClasses/SM_Enemies.uasset" 419
"E:/UE4_PRO/UE4/MyActionRPG/Content/Assets/Sounds/AudioClasses/SC_Enemy.uasset" 420
"E:/UE4_PRO/UE4/MyActionRPG/Content/Assets/Sounds/AudioClasses/SC_UI.uasset" 421
"E:/UE4_PRO/UE4/MyActionRPG/Content/Assets/Sounds/AudioClasses/SC_SFX.uasset" 422
"E:/UE4_PRO/UE4/MyActionRPG/Content/Assets/Sounds/AudioClasses/SM_Mixer.uasset" 423
"E:/UE4_PRO/UE4/MyActionRPG/Content/Assets/Sounds/AudioClasses/SC_RPG_Master.uasset" 424
"E:/UE4_PRO/UE4/MyActionRPG/Content/Assets/Sounds/AudioClasses/SC_Music.uasset" 425
"E:/UE4_PRO/UE4/MyActionRPG/Content/Assets/Sounds/AudioClasses/SM_Slomo.uasset" 426
"E:/UE4_PRO/UE4/MyActionRPG/Content/Assets/Sounds/AudioClasses/SC_Slomo.uasset" 427
"E:/UE4_PRO/UE4/MyActionRPG/Content/Assets/Sounds/AudioClasses/SM_Abilities.uasset" 428
"E:/UE4_PRO/UE4/MyActionRPG/Content/Assets/Sounds/AudioClasses/SC_Abilities.uasset" 429
"E:/UE4_PRO/UE4/MyActionRPG/Content/Assets/Sounds/AudioClasses/SM_Items.uasset" 430
"E:/UE4_PRO/UE4/MyActionRPG/Content/Assets/Sounds/AudioClasses/SC_Items.uasset" 431
"E:/UE4_PRO/UE4/MyActionRPG/Content/Assets/Sounds/AudioClasses/SC_Weapons.uasset" 432
"E:/UE4_PRO/UE4/MyActionRPG/Content/Assets/Sounds/AudioClasses/SC_Player.uasset" 433
"E:/UE4_PRO/UE4/MyActionRPG/Content/Assets/Sounds/AudioClasses/SC_Hero.uasset" 434
"E:/UE4_PRO/UE4/MyActionRPG/Content/Assets/Sounds/Character/A_Character_Step01.uasset" 435
"E:/UE4_PRO/UE4/MyActionRPG/Content/Assets/Sounds/Character/A_Character_Step02.uasset" 436
"E:/UE4_PRO/UE4/MyActionRPG/Content/Assets/Sounds/Character/A_Character_Step03.uasset" 437
"E:/UE4_PRO/UE4/MyActionRPG/Content/Assets/Sounds/Character/A_Character_Step04.uasset" 438
"E:/UE4_PRO/UE4/MyActionRPG/Content/Assets/Sounds/Character/A_Character_Step05.uasset" 439
"E:/UE4_PRO/UE4/MyActionRPG/Content/Assets/Sounds/Character/A_Character_Step_Cue.uasset" 440
"E:/UE4_PRO/UE4/MyActionRPG/Content/Characters/Animations/Dodge_Sprint_Blunt.uasset" 441
"E:/UE4_PRO/UE4/MyActionRPG/Content/Characters/Animations/Sword_Run_Forward.uasset" 442
"E:/UE4_PRO/UE4/MyActionRPG/Content/Characters/Animations/Sword_Walk_Foward.uasset" 443
"E:/UE4_PRO/UE4/MyActionRPG/Content/Characters/BS_Sword_Idle_Run.uasset" 444
"E:/UE4_PRO/UE4/MyActionRPG/Content/Characters/ABP_Player.uasset" 445
"E:/UE4_PRO/UE4/MyActionRPG/Content/Blueprints/BP_Character.uasset" 446
"E:/UE4_PRO/UE4/MyActionRPG/Content/Characters/Barbarous/Texture_Materials/T_CharM_Barbarous_D.uasset" 447
"E:/UE4_PRO/UE4/MyActionRPG/Content/Characters/Barbarous/Texture_Materials/T_CharM_Barbarous_MetalMask.uasset" 448
"E:/UE4_PRO/UE4/MyActionRPG/Content/Characters/Barbarous/Texture_Materials/T_CharM_Barbarous_N.uasset" 449
"E:/UE4_PRO/UE4/MyActionRPG/Content/Effects/FX_Textures/Lightning/T_Lightning_Bolt_01_D.uasset" 450
"E:/UE4_PRO/UE4/MyActionRPG/Content/Effects/Textures/T_Dissolve_Mob_M.uasset" 451
"E:/UE4_PRO/UE4/MyActionRPG/Content/Characters/Barbarous/Texture_Materials/M_Char_Barbrous.uasset" 452
"E:/UE4_PRO/UE4/MyActionRPG/Content/Characters/PA_Mannequin_Physics.uasset" 453
"E:/UE4_PRO/UE4/MyActionRPG/Content/Characters/Barbarous/SK_CharM_Barbarous.uasset" 454
"E:/UE4_PRO/UE4/MyActionRPG/Content/Blueprints/BP_PlayerCharacter.uasset" 455
"E:/UE4_PRO/UE4/MyActionRPG/Content/Blueprints/BP_PlayerController.uasset" 456
"E:/UE4_PRO/UE4/MyActionRPG/Content/Blueprints/BP_GameMode.uasset" 457
"E:/UE4_PRO/UE4/MyActionRPG/Content/Maps/ActionRPG_P_BuiltData.uasset" 458
"E:/UE4_PRO/UE4/MyActionRPG/Content/Assets/Sounds/Ambient/A_Ambient_Fire01.uasset" 459
"E:/UE4_PRO/UE4/MyActionRPG/Content/Assets/Sounds/Ambient/A_Ambient_Fire_Attenuation.uasset" 460
"E:/UE4_PRO/UE4/MyActionRPG/Content/Assets/Sounds/Ambient/A_Ambient_Fire01_Cue.uasset" 461
"E:/UE4_PRO/UE4/MyActionRPG/Content/Assets/Sounds/Ambient/A_Ambient_Wind02.uasset" 462
"E:/UE4_PRO/UE4/MyActionRPG/Content/Assets/Sounds/Ambient/A_Ambient_Wind02_Cue.uasset" 463
"E:/UE4_PRO/UE4/MyActionRPG/Content/Maps/ActionRPG_P.umap" 464
"../../../Engine/Content/Maps/Entry_BuiltData.uasset" 465
"../../../Engine/Content/Maps/Entry.umap" 466
